# JRE version: Java(TM) SE Runtime Environment (8.0_131-b11) (build 1.8.0_131-b11)
# Java VM: Java HotSpot(TM) 64-Bit Server VM (25.131-b11 mixed mode windows-amd64 compressed oops)
Heap:
 par new generation   total 78656K, used 75809K [0x00000006c0000000, 0x00000006c5550000, 0x00000006e9990000)
  eden space 69952K,  98% used [0x00000006c0000000, 0x00000006c43a0a28, 0x00000006c4450000)
  from space 8704K,  75% used [0x00000006c4450000, 0x00000006c4ab7bc8, 0x00000006c4cd0000)
  to   space 8704K,   0% used [0x00000006c4cd0000, 0x00000006c4cd0000, 0x00000006c5550000)
 concurrent mark-sweep generation total 2132756K, used 1288560K [0x00000006e9990000, 0x000000076bc55000, 0x00000007c0000000)
 Metaspace       used 184174K, capacity 184799K, committed 185984K, reserved 1206272K
  class space    used 29899K, capacity 30066K, committed 30080K, reserved 1048576K
GC Heap History (10 events):
Event: 379.877 GC heap before
{Heap before GC invocations=989 (full 43):
 par new generation   total 78656K, used 73594K [0x00000006c0000000, 0x00000006c5550000, 0x00000006e9990000)
  eden space 69952K, 100% used [0x00000006c0000000, 0x00000006c4450000, 0x00000006c4450000)
  from space 8704K,  41% used [0x00000006c4cd0000, 0x00000006c505ea48, 0x00000006c5550000)
  to   space 8704K,   0% used [0x00000006c4450000, 0x00000006c4450000, 0x00000006c4cd0000)
 concurrent mark-sweep generation total 2132756K, used 1286803K [0x00000006e9990000, 0x000000076bc55000, 0x00000007c0000000)
 Metaspace       used 183075K, capacity 183679K, committed 184832K, reserved 1204224K
  class space    used 29744K, capacity 29906K, committed 29952K, reserved 1048576K
Event: 379.884 GC heap after
Heap after GC invocations=990 (full 43):
 par new generation   total 78656K, used 3840K [0x00000006c0000000, 0x00000006c5550000, 0x00000006e9990000)
  eden space 69952K,   0% used [0x00000006c0000000, 0x00000006c0000000, 0x00000006c4450000)
  from space 8704K,  44% used [0x00000006c4450000, 0x00000006c48101a8, 0x00000006c4cd0000)
  to   space 8704K,   0% used [0x00000006c4cd0000, 0x00000006c4cd0000, 0x00000006c5550000)
 concurrent mark-sweep generation total 2132756K, used 1287191K [0x00000006e9990000, 0x000000076bc55000, 0x00000007c0000000)
 Metaspace       used 183075K, capacity 183679K, committed 184832K, reserved 1204224K
  class space    used 29744K, capacity 29906K, committed 29952K, reserved 1048576K
}
Event: 380.222 GC heap before
{Heap before GC invocations=990 (full 43):
 par new generation   total 78656K, used 73792K [0x00000006c0000000, 0x00000006c5550000, 0x00000006e9990000)
  eden space 69952K, 100% used [0x00000006c0000000, 0x00000006c4450000, 0x00000006c4450000)
  from space 8704K,  44% used [0x00000006c4450000, 0x00000006c48101a8, 0x00000006c4cd0000)
  to   space 8704K,   0% used [0x00000006c4cd0000, 0x00000006c4cd0000, 0x00000006c5550000)
 concurrent mark-sweep generation total 2132756K, used 1287191K [0x00000006e9990000, 0x000000076bc55000, 0x00000007c0000000)
 Metaspace       used 183238K, capacity 183839K, committed 185088K, reserved 1204224K
  class space    used 29773K, capacity 29938K, committed 29952K, reserved 1048576K
Event: 380.228 GC heap after
Heap after GC invocations=991 (full 43):
 par new generation   total 78656K, used 4260K [0x00000006c0000000, 0x00000006c5550000, 0x00000006e9990000)
  eden space 69952K,   0% used [0x00000006c0000000, 0x00000006c0000000, 0x00000006c4450000)
  from space 8704K,  48% used [0x00000006c4cd0000, 0x00000006c50f91e0, 0x00000006c5550000)
  to   space 8704K,   0% used [0x00000006c4450000, 0x00000006c4450000, 0x00000006c4cd0000)
 concurrent mark-sweep generation total 2132756K, used 1287405K [0x00000006e9990000, 0x000000076bc55000, 0x00000007c0000000)
 Metaspace       used 183238K, capacity 183839K, committed 185088K, reserved 1204224K
  class space    used 29773K, capacity 29938K, committed 29952K, reserved 1048576K
}
Event: 380.610 GC heap before
{Heap before GC invocations=991 (full 43):
 par new generation   total 78656K, used 74212K [0x00000006c0000000, 0x00000006c5550000, 0x00000006e9990000)
  eden space 69952K, 100% used [0x00000006c0000000, 0x00000006c4450000, 0x00000006c4450000)
  from space 8704K,  48% used [0x00000006c4cd0000, 0x00000006c50f91e0, 0x00000006c5550000)
  to   space 8704K,   0% used [0x00000006c4450000, 0x00000006c4450000, 0x00000006c4cd0000)
 concurrent mark-sweep generation total 2132756K, used 1287405K [0x00000006e9990000, 0x000000076bc55000, 0x00000007c0000000)
 Metaspace       used 183405K, capacity 183999K, committed 185216K, reserved 1204224K
  class space    used 29794K, capacity 29970K, committed 30080K, reserved 1048576K
Event: 380.617 GC heap after
Heap after GC invocations=992 (full 43):
 par new generation   total 78656K, used 4679K [0x00000006c0000000, 0x00000006c5550000, 0x00000006e9990000)
  eden space 69952K,   0% used [0x00000006c0000000, 0x00000006c0000000, 0x00000006c4450000)
  from space 8704K,  53% used [0x00000006c4450000, 0x00000006c48e1d68, 0x00000006c4cd0000)
  to   space 8704K,   0% used [0x00000006c4cd0000, 0x00000006c4cd0000, 0x00000006c5550000)
 concurrent mark-sweep generation total 2132756K, used 1287705K [0x00000006e9990000, 0x000000076bc55000, 0x00000007c0000000)
 Metaspace       used 183405K, capacity 183999K, committed 185216K, reserved 1204224K
  class space    used 29794K, capacity 29970K, committed 30080K, reserved 1048576K
}
Event: 381.003 GC heap before
{Heap before GC invocations=992 (full 43):
 par new generation   total 78656K, used 74631K [0x00000006c0000000, 0x00000006c5550000, 0x00000006e9990000)
  eden space 69952K, 100% used [0x00000006c0000000, 0x00000006c4450000, 0x00000006c4450000)
  from space 8704K,  53% used [0x00000006c4450000, 0x00000006c48e1d68, 0x00000006c4cd0000)
  to   space 8704K,   0% used [0x00000006c4cd0000, 0x00000006c4cd0000, 0x00000006c5550000)
 concurrent mark-sweep generation total 2132756K, used 1287705K [0x00000006e9990000, 0x000000076bc55000, 0x00000007c0000000)
 Metaspace       used 183608K, capacity 184223K, committed 185472K, reserved 1204224K
  class space    used 29821K, capacity 30002K, committed 30080K, reserved 1048576K
Event: 381.011 GC heap after
Heap after GC invocations=993 (full 43):
 par new generation   total 78656K, used 5491K [0x00000006c0000000, 0x00000006c5550000, 0x00000006e9990000)
  eden space 69952K,   0% used [0x00000006c0000000, 0x00000006c0000000, 0x00000006c4450000)
  from space 8704K,  63% used [0x00000006c4cd0000, 0x00000006c522cf30, 0x00000006c5550000)
  to   space 8704K,   0% used [0x00000006c4450000, 0x00000006c4450000, 0x00000006c4cd0000)
 concurrent mark-sweep generation total 2132756K, used 1288087K [0x00000006e9990000, 0x000000076bc55000, 0x00000007c0000000)
 Metaspace       used 183608K, capacity 184223K, committed 185472K, reserved 1204224K
  class space    used 29821K, capacity 30002K, committed 30080K, reserved 1048576K
}
Event: 381.501 GC heap before
{Heap before GC invocations=993 (full 43):
 par new generation   total 78656K, used 75443K [0x00000006c0000000, 0x00000006c5550000, 0x00000006e9990000)
  eden space 69952K, 100% used [0x00000006c0000000, 0x00000006c4450000, 0x00000006c4450000)
  from space 8704K,  63% used [0x00000006c4cd0000, 0x00000006c522cf30, 0x00000006c5550000)
  to   space 8704K,   0% used [0x00000006c4450000, 0x00000006c4450000, 0x00000006c4cd0000)
 concurrent mark-sweep generation total 2132756K, used 1288087K [0x00000006e9990000, 0x000000076bc55000, 0x00000007c0000000)
 Metaspace       used 183897K, capacity 184511K, committed 185728K, reserved 1204224K
  class space    used 29872K, capacity 30034K, committed 30080K, reserved 1048576K
Event: 381.508 GC heap after
Heap after GC invocations=994 (full 43):
 par new generation   total 78656K, used 6558K [0x00000006c0000000, 0x00000006c5550000, 0x00000006e9990000)
  eden space 69952K,   0% used [0x00000006c0000000, 0x00000006c0000000, 0x00000006c4450000)
  from space 8704K,  75% used [0x00000006c4450000, 0x00000006c4ab7bc8, 0x00000006c4cd0000)
  to   space 8704K,   0% used [0x00000006c4cd0000, 0x00000006c4cd0000, 0x00000006c5550000)
 concurrent mark-sweep generation total 2132756K, used 1288560K [0x00000006e9990000, 0x000000076bc55000, 0x00000007c0000000)
 Metaspace       used 183897K, capacity 184511K, committed 185728K, reserved 1204224K
  class space    used 29872K, capacity 30034K, committed 30080K, reserved 1048576K
}

